1518744830454	geckodriver	INFO	geckodriver 0.19.1
1518744830475	geckodriver	INFO	Listening on 127.0.0.1:63171
1518744831720	mozrunner::runner	INFO	Running command: "/Applications/Firefox.app/Contents/MacOS/firefox-bin" "-marionette" "-profile" "/var/folders/4q/ljy6qnvj70d3q9h156hk0npr0000gn/T/rust_mozprofile.SnSSUXtd80c8"
1518744833263	Marionette	INFO	Enabled via --marionette
2018-02-15 20:33:54.848 plugin-container[17930:808646] *** CFMessagePort: bootstrap_register(): failed 1100 (0x44c) 'Permission denied', port = 0x8207, name = 'com.apple.tsm.portname'
See /usr/include/servers/bootstrap_defs.h for the error codes.
1518744835816	Marionette	INFO	Listening on port 63187
1518744835908	Marionette	WARN	TLS certificate errors will be ignored for this session
2018-02-15 20:33:56.153 plugin-container[17931:808734] *** CFMessagePort: bootstrap_register(): failed 1100 (0x44c) 'Permission denied', port = 0x803f, name = 'com.apple.tsm.portname'
See /usr/include/servers/bootstrap_defs.h for the error codes.
1518744913649	geckodriver	INFO	geckodriver 0.19.1
1518744913663	geckodriver	INFO	Listening on 127.0.0.1:63368
1518744914829	mozrunner::runner	INFO	Running command: "/Applications/Firefox.app/Contents/MacOS/firefox-bin" "-marionette" "-profile" "/var/folders/4q/ljy6qnvj70d3q9h156hk0npr0000gn/T/rust_mozprofile.y0FfTLLiISO0"
1518744916303	Marionette	INFO	Enabled via --marionette
2018-02-15 20:35:18.469 plugin-container[17941:809515] *** CFMessagePort: bootstrap_register(): failed 1100 (0x44c) 'Permission denied', port = 0x7f03, name = 'com.apple.tsm.portname'
See /usr/include/servers/bootstrap_defs.h for the error codes.
1518744919243	Marionette	INFO	Listening on port 63384
1518744919340	Marionette	WARN	TLS certificate errors will be ignored for this session
2018-02-15 20:35:20.164 plugin-container[17942:809605] *** CFMessagePort: bootstrap_register(): failed 1100 (0x44c) 'Permission denied', port = 0x8407, name = 'com.apple.tsm.portname'
See /usr/include/servers/bootstrap_defs.h for the error codes.
console.warn: LoginRecipes: getRecipes: falling back to a synchronous message for: https://signon.thomsonreuters.com
console.warn: nsLoginManager: searchLogins: `formSubmitURL` or `httpRealm` is recommended
JavaScript error: https://cdn.optimizely.com/js/245885873.js, line 346: NS_ERROR_NOT_INITIALIZED: 

###!!! [Parent][MessageChannel] Error: (msgtype=0x7A0001,name=PTexture::Msg___delete__) Channel error: cannot send/recv


###!!! [Parent][RunMessage] Error: Channel error: cannot send/recv


###!!! [Parent][RunMessage] Error: Channel error: cannot send/recv


###!!! [Parent][RunMessage] Error: Channel error: cannot send/recv


###!!! [Parent][RunMessage] Error: Channel error: cannot send/recv


###!!! [Parent][RunMessage] Error: Channel error: cannot send/recv


###!!! [Parent][RunMessage] Error: Channel error: cannot send/recv


###!!! [Parent][RunMessage] Error: Channel error: cannot send/recv


###!!! [Parent][RunMessage] Error: Channel error: cannot send/recv


###!!! [Parent][RunMessage] Error: Channel error: cannot send/recv


###!!! [Parent][RunMessage] Error: Channel error: cannot send/recv


###!!! [Parent][RunMessage] Error: Channel error: cannot send/recv


###!!! [Parent][RunMessage] Error: Channel error: cannot send/recv


###!!! [Parent][RunMessage] Error: Channel error: cannot send/recv


###!!! [Parent][RunMessage] Error: Channel error: cannot send/recv


###!!! [Parent][RunMessage] Error: Channel error: cannot send/recv


###!!! [Parent][RunMessage] Error: Channel error: cannot send/recv


###!!! [Parent][RunMessage] Error: Channel error: cannot send/recv


###!!! [Parent][MessageChannel] Error: (msgtype=0x1000B,name=PAPZ::Msg_Destroy) Channel error: cannot send/recv

2018-02-15 20:37:54.223 plugin-container[17952:810902] *** CFMessagePort: bootstrap_register(): failed 1100 (0x44c) 'Permission denied', port = 0x7503, name = 'com.apple.tsm.portname'
See /usr/include/servers/bootstrap_defs.h for the error codes.
[Child 17941, Chrome_ChildThread] WARNING: pipe error: Broken pipe: file /builds/worker/workspace/build/src/ipc/chromium/src/chrome/common/ipc_channel_posix.cc, line 709
[Child 17941, Chrome_ChildThread] WARNING: pipe error: Broken pipe: file /builds/worker/workspace/build/src/ipc/chromium/src/chrome/common/ipc_channel_posix.cc, line 709
[Child 17941, Chrome_ChildThread] WARNING: pipe error: Broken pipe: file /builds/worker/workspace/build/src/ipc/chromium/src/chrome/common/ipc_channel_posix.cc, line 709
[Child 17941, Chrome_ChildThread] WARNING: pipe error: Broken pipe: file /builds/worker/workspace/build/src/ipc/chromium/src/chrome/common/ipc_channel_posix.cc, line 709
[Child 17930, Chrome_ChildThread] WARNING: pipe error: Broken pipe: file /builds/worker/workspace/build/src/ipc/chromium/src/chrome/common/ipc_channel_posix.cc, line 709
1518832195763	geckodriver	INFO	geckodriver 0.19.1
1518832195775	geckodriver	INFO	Listening on 127.0.0.1:49789
1518832196949	mozrunner::runner	INFO	Running command: "/Applications/Firefox.app/Contents/MacOS/firefox-bin" "-marionette" "-profile" "/var/folders/4q/ljy6qnvj70d3q9h156hk0npr0000gn/T/rust_mozprofile.5IWLCAwZf52U"
1518832198438	Marionette	INFO	Enabled via --marionette
2018-02-16 20:50:00.146 plugin-container[1305:29681] *** CFMessagePort: bootstrap_register(): failed 1100 (0x44c) 'Permission denied', port = 0x8603, name = 'com.apple.tsm.portname'
See /usr/include/servers/bootstrap_defs.h for the error codes.
2018-02-16 20:50:01.115 plugin-container[1306:29748] *** CFMessagePort: bootstrap_register(): failed 1100 (0x44c) 'Permission denied', port = 0x7a03, name = 'com.apple.tsm.portname'
See /usr/include/servers/bootstrap_defs.h for the error codes.
1518832201557	Marionette	INFO	Listening on port 49805
1518832201610	Marionette	WARN	TLS certificate errors will be ignored for this session
1518832349457	geckodriver	INFO	geckodriver 0.19.1
1518832349476	geckodriver	INFO	Listening on 127.0.0.1:50052
1518832350596	mozrunner::runner	INFO	Running command: "/Applications/Firefox.app/Contents/MacOS/firefox-bin" "-marionette" "-profile" "/var/folders/4q/ljy6qnvj70d3q9h156hk0npr0000gn/T/rust_mozprofile.GZ7Wo2sgi7k3"
1518832351836	Marionette	INFO	Enabled via --marionette
2018-02-16 20:52:33.170 plugin-container[1344:32054] *** CFMessagePort: bootstrap_register(): failed 1100 (0x44c) 'Permission denied', port = 0x7e43, name = 'com.apple.tsm.portname'
See /usr/include/servers/bootstrap_defs.h for the error codes.
1518832353749	Marionette	INFO	Listening on port 50068
1518832354015	Marionette	WARN	TLS certificate errors will be ignored for this session
2018-02-16 20:52:34.922 plugin-container[1345:32138] *** CFMessagePort: bootstrap_register(): failed 1100 (0x44c) 'Permission denied', port = 0x7d07, name = 'com.apple.tsm.portname'
See /usr/include/servers/bootstrap_defs.h for the error codes.
1518832929990	geckodriver	INFO	geckodriver 0.19.1
1518832929998	geckodriver	INFO	Listening on 127.0.0.1:50274
1518832930122	mozrunner::runner	INFO	Running command: "/Applications/Firefox.app/Contents/MacOS/firefox-bin" "-marionette" "-profile" "/var/folders/4q/ljy6qnvj70d3q9h156hk0npr0000gn/T/rust_mozprofile.adamAhPqyHK0"
1518832931365	Marionette	INFO	Enabled via --marionette
2018-02-16 21:02:12.648 plugin-container[1384:36257] *** CFMessagePort: bootstrap_register(): failed 1100 (0x44c) 'Permission denied', port = 0x7a3f, name = 'com.apple.tsm.portname'
See /usr/include/servers/bootstrap_defs.h for the error codes.
1518832933207	Marionette	INFO	Listening on port 50287
1518832933275	Marionette	WARN	TLS certificate errors will be ignored for this session
2018-02-16 21:02:13.918 plugin-container[1385:36345] *** CFMessagePort: bootstrap_register(): failed 1100 (0x44c) 'Permission denied', port = 0x7c3f, name = 'com.apple.tsm.portname'
See /usr/include/servers/bootstrap_defs.h for the error codes.
Marionette threw an error: [Exception... "Component returned failure code: 0x80070057 (NS_ERROR_ILLEGAL_VALUE) [nsIMessageSender.sendAsyncMessage]"  nsresult: "0x80070057 (NS_ERROR_ILLEGAL_VALUE)"  location: "JS frame :: chrome://marionette/content/proxy.js :: sendReply_ :: line 272"  data: no]
sendReply_@chrome://marionette/content/proxy.js:272:5
reply@chrome://marionette/content/proxy.js:258:7
sendToServer@chrome://marionette/content/listener.js:686:3
sendError@chrome://marionette/content/listener.js:721:3
dispatch/</<@chrome://marionette/content/listener.js:484:49

1518832995628	geckodriver	INFO	geckodriver 0.19.1
1518832995640	geckodriver	INFO	Listening on 127.0.0.1:50475
1518832995768	mozrunner::runner	INFO	Running command: "/Applications/Firefox.app/Contents/MacOS/firefox-bin" "-marionette" "-profile" "/var/folders/4q/ljy6qnvj70d3q9h156hk0npr0000gn/T/rust_mozprofile.iQUdte6rmqyP"
1518832996993	Marionette	INFO	Enabled via --marionette
2018-02-16 21:03:18.284 plugin-container[1396:36882] *** CFMessagePort: bootstrap_register(): failed 1100 (0x44c) 'Permission denied', port = 0x8503, name = 'com.apple.tsm.portname'
See /usr/include/servers/bootstrap_defs.h for the error codes.
1518832999372	Marionette	INFO	Listening on port 50488
1518832999468	Marionette	WARN	TLS certificate errors will be ignored for this session
2018-02-16 21:03:19.609 plugin-container[1397:36965] *** CFMessagePort: bootstrap_register(): failed 1100 (0x44c) 'Permission denied', port = 0x8843, name = 'com.apple.tsm.portname'
See /usr/include/servers/bootstrap_defs.h for the error codes.
Marionette threw an error: [Exception... "Component returned failure code: 0x80070057 (NS_ERROR_ILLEGAL_VALUE) [nsIMessageSender.sendAsyncMessage]"  nsresult: "0x80070057 (NS_ERROR_ILLEGAL_VALUE)"  location: "JS frame :: chrome://marionette/content/proxy.js :: sendReply_ :: line 272"  data: no]
sendReply_@chrome://marionette/content/proxy.js:272:5
reply@chrome://marionette/content/proxy.js:258:7
sendToServer@chrome://marionette/content/listener.js:686:3
sendError@chrome://marionette/content/listener.js:721:3
dispatch/</<@chrome://marionette/content/listener.js:484:49

1518833074963	geckodriver	INFO	geckodriver 0.19.1
1518833074971	geckodriver	INFO	Listening on 127.0.0.1:50693
1518833075101	mozrunner::runner	INFO	Running command: "/Applications/Firefox.app/Contents/MacOS/firefox-bin" "-marionette" "-profile" "/var/folders/4q/ljy6qnvj70d3q9h156hk0npr0000gn/T/rust_mozprofile.KKa8CLxhUZuP"
1518833076353	Marionette	INFO	Enabled via --marionette
2018-02-16 21:04:37.630 plugin-container[1411:37537] *** CFMessagePort: bootstrap_register(): failed 1100 (0x44c) 'Permission denied', port = 0x6f43, name = 'com.apple.tsm.portname'
See /usr/include/servers/bootstrap_defs.h for the error codes.
2018-02-16 21:04:38.679 plugin-container[1412:37633] *** CFMessagePort: bootstrap_register(): failed 1100 (0x44c) 'Permission denied', port = 0x8043, name = 'com.apple.tsm.portname'
See /usr/include/servers/bootstrap_defs.h for the error codes.
1518833078711	Marionette	INFO	Listening on port 50698
1518833078847	Marionette	WARN	TLS certificate errors will be ignored for this session
Marionette threw an error: [Exception... "Component returned failure code: 0x80070057 (NS_ERROR_ILLEGAL_VALUE) [nsIMessageSender.sendAsyncMessage]"  nsresult: "0x80070057 (NS_ERROR_ILLEGAL_VALUE)"  location: "JS frame :: chrome://marionette/content/proxy.js :: sendReply_ :: line 272"  data: no]
sendReply_@chrome://marionette/content/proxy.js:272:5
reply@chrome://marionette/content/proxy.js:258:7
sendToServer@chrome://marionette/content/listener.js:686:3
sendError@chrome://marionette/content/listener.js:721:3
dispatch/</<@chrome://marionette/content/listener.js:484:49

1518833389436	geckodriver	INFO	geckodriver 0.19.1
1518833389444	geckodriver	INFO	Listening on 127.0.0.1:50919
1518833389574	mozrunner::runner	INFO	Running command: "/Applications/Firefox.app/Contents/MacOS/firefox-bin" "-marionette" "-profile" "/var/folders/4q/ljy6qnvj70d3q9h156hk0npr0000gn/T/rust_mozprofile.R9jbUR0zs63T"
1518833390823	Marionette	INFO	Enabled via --marionette
2018-02-16 21:09:52.173 plugin-container[1446:39597] *** CFMessagePort: bootstrap_register(): failed 1100 (0x44c) 'Permission denied', port = 0x7d07, name = 'com.apple.tsm.portname'
See /usr/include/servers/bootstrap_defs.h for the error codes.
2018-02-16 21:09:53.184 plugin-container[1447:39698] *** CFMessagePort: bootstrap_register(): failed 1100 (0x44c) 'Permission denied', port = 0x8d3f, name = 'com.apple.tsm.portname'
See /usr/include/servers/bootstrap_defs.h for the error codes.
1518833393344	Marionette	INFO	Listening on port 50924
1518833393404	Marionette	WARN	TLS certificate errors will be ignored for this session
1518833484048	geckodriver	INFO	geckodriver 0.19.1
1518833484058	geckodriver	INFO	Listening on 127.0.0.1:51130
1518833484184	mozrunner::runner	INFO	Running command: "/Applications/Firefox.app/Contents/MacOS/firefox-bin" "-marionette" "-profile" "/var/folders/4q/ljy6qnvj70d3q9h156hk0npr0000gn/T/rust_mozprofile.Q9ccSyfztgd9"
1518833485419	Marionette	INFO	Enabled via --marionette
2018-02-16 21:11:26.703 plugin-container[1460:40900] *** CFMessagePort: bootstrap_register(): failed 1100 (0x44c) 'Permission denied', port = 0x8443, name = 'com.apple.tsm.portname'
See /usr/include/servers/bootstrap_defs.h for the error codes.
1518833487262	Marionette	INFO	Listening on port 51135
1518833487335	Marionette	WARN	TLS certificate errors will be ignored for this session
2018-02-16 21:11:27.944 plugin-container[1461:40984] *** CFMessagePort: bootstrap_register(): failed 1100 (0x44c) 'Permission denied', port = 0x7e3f, name = 'com.apple.tsm.portname'
See /usr/include/servers/bootstrap_defs.h for the error codes.
*** UTM:SVC TimerManager:registerTimer called after profile-before-change notification. Ignoring timer registration for id: telemetry_modules_ping
1518833663606	geckodriver	INFO	geckodriver 0.19.1
1518833663614	geckodriver	INFO	Listening on 127.0.0.1:51334
1518833663740	mozrunner::runner	INFO	Running command: "/Applications/Firefox.app/Contents/MacOS/firefox-bin" "-marionette" "-profile" "/var/folders/4q/ljy6qnvj70d3q9h156hk0npr0000gn/T/rust_mozprofile.1GVMY6Q9zL7D"
1518833665004	Marionette	INFO	Enabled via --marionette
2018-02-16 21:14:26.338 plugin-container[1476:42021] *** CFMessagePort: bootstrap_register(): failed 1100 (0x44c) 'Permission denied', port = 0x7b47, name = 'com.apple.tsm.portname'
See /usr/include/servers/bootstrap_defs.h for the error codes.
1518833667096	Marionette	INFO	Listening on port 51339
1518833667134	Marionette	WARN	TLS certificate errors will be ignored for this session
2018-02-16 21:14:27.457 plugin-container[1477:42092] *** CFMessagePort: bootstrap_register(): failed 1100 (0x44c) 'Permission denied', port = 0x8603, name = 'com.apple.tsm.portname'
See /usr/include/servers/bootstrap_defs.h for the error codes.
1518833798972	geckodriver	INFO	geckodriver 0.19.1
1518833798982	geckodriver	INFO	Listening on 127.0.0.1:51545
1518833799114	mozrunner::runner	INFO	Running command: "/Applications/Firefox.app/Contents/MacOS/firefox-bin" "-marionette" "-profile" "/var/folders/4q/ljy6qnvj70d3q9h156hk0npr0000gn/T/rust_mozprofile.9Y6ZA5KFxw4W"
1518833800377	Marionette	INFO	Enabled via --marionette
2018-02-16 21:16:41.719 plugin-container[1500:43104] *** CFMessagePort: bootstrap_register(): failed 1100 (0x44c) 'Permission denied', port = 0x8003, name = 'com.apple.tsm.portname'
See /usr/include/servers/bootstrap_defs.h for the error codes.
1518833802286	Marionette	INFO	Listening on port 51550
1518833802352	Marionette	WARN	TLS certificate errors will be ignored for this session
2018-02-16 21:16:42.996 plugin-container[1501:43176] *** CFMessagePort: bootstrap_register(): failed 1100 (0x44c) 'Permission denied', port = 0x7007, name = 'com.apple.tsm.portname'
See /usr/include/servers/bootstrap_defs.h for the error codes.
1518833903916	geckodriver	INFO	geckodriver 0.19.1
1518833903928	geckodriver	INFO	Listening on 127.0.0.1:51743
1518833905071	mozrunner::runner	INFO	Running command: "/Applications/Firefox.app/Contents/MacOS/firefox-bin" "-marionette" "-profile" "/var/folders/4q/ljy6qnvj70d3q9h156hk0npr0000gn/T/rust_mozprofile.1zrIIXh4QaqF"
1518833906313	Marionette	INFO	Enabled via --marionette
2018-02-16 21:18:27.778 plugin-container[1520:44189] *** CFMessagePort: bootstrap_register(): failed 1100 (0x44c) 'Permission denied', port = 0x8243, name = 'com.apple.tsm.portname'
See /usr/include/servers/bootstrap_defs.h for the error codes.
1518833908499	Marionette	INFO	Listening on port 51751
1518833908540	Marionette	WARN	TLS certificate errors will be ignored for this session
2018-02-16 21:18:29.451 plugin-container[1521:44276] *** CFMessagePort: bootstrap_register(): failed 1100 (0x44c) 'Permission denied', port = 0x8303, name = 'com.apple.tsm.portname'
See /usr/include/servers/bootstrap_defs.h for the error codes.
1518834135462	geckodriver	INFO	geckodriver 0.19.1
1518834135475	geckodriver	INFO	Listening on 127.0.0.1:51965
1518834136620	mozrunner::runner	INFO	Running command: "/Applications/Firefox.app/Contents/MacOS/firefox-bin" "-marionette" "-profile" "/var/folders/4q/ljy6qnvj70d3q9h156hk0npr0000gn/T/rust_mozprofile.m8YoncIXneT1"
1518834137863	Marionette	INFO	Enabled via --marionette
2018-02-16 21:22:19.216 plugin-container[1542:45621] *** CFMessagePort: bootstrap_register(): failed 1100 (0x44c) 'Permission denied', port = 0x793f, name = 'com.apple.tsm.portname'
See /usr/include/servers/bootstrap_defs.h for the error codes.
2018-02-16 21:22:20.121 plugin-container[1543:45692] *** CFMessagePort: bootstrap_register(): failed 1100 (0x44c) 'Permission denied', port = 0x843f, name = 'com.apple.tsm.portname'
See /usr/include/servers/bootstrap_defs.h for the error codes.
1518834140281	Marionette	INFO	Listening on port 51973
1518834140335	Marionette	WARN	TLS certificate errors will be ignored for this session
*** UTM:SVC TimerManager:registerTimer called after profile-before-change notification. Ignoring timer registration for id: telemetry_modules_ping
1518834195357	geckodriver	INFO	geckodriver 0.19.1
1518834195368	geckodriver	INFO	Listening on 127.0.0.1:52185
1518834196507	mozrunner::runner	INFO	Running command: "/Applications/Firefox.app/Contents/MacOS/firefox-bin" "-marionette" "-profile" "/var/folders/4q/ljy6qnvj70d3q9h156hk0npr0000gn/T/rust_mozprofile.DCLp5AfMkUNK"
1518834197747	Marionette	INFO	Enabled via --marionette
2018-02-16 21:23:19.189 plugin-container[1553:46231] *** CFMessagePort: bootstrap_register(): failed 1100 (0x44c) 'Permission denied', port = 0x8007, name = 'com.apple.tsm.portname'
See /usr/include/servers/bootstrap_defs.h for the error codes.
1518834199923	Marionette	INFO	Listening on port 52193
1518834199970	Marionette	WARN	TLS certificate errors will be ignored for this session
2018-02-16 21:23:20.903 plugin-container[1554:46318] *** CFMessagePort: bootstrap_register(): failed 1100 (0x44c) 'Permission denied', port = 0x743f, name = 'com.apple.tsm.portname'
See /usr/include/servers/bootstrap_defs.h for the error codes.
JavaScript error: https://1.next.westlaw.com/Search/Home.html?transitionType=Default&contextData=(sc.Default)&CobaltRefresh=41391#sk=2.8al2Iq, line 1: ReferenceError: osdlfm is not defined
JavaScript error: https://ja.next.westlaw.com/StaticContent_39.2.1011/webpack/Products/WestlawNext/js/bundle.6f9b10d290ff28491206e739d6e3328d.dll.js, line 1: Error: Could not get the available citation styles
JavaScript error: https://ja.next.westlaw.com/StaticContent_39.2.1011/webpack/Products/WestlawNext/js/bundle.6f9b10d290ff28491206e739d6e3328d.dll.js, line 1: Error: Could not get the available citation styles
JavaScript error: https://ja.next.westlaw.com/StaticContent_39.2.1011/webpack/Products/WestlawNext/js/bundle.6f9b10d290ff28491206e739d6e3328d.dll.js, line 1: Error: Could not get the available citation styles
JavaScript error: https://ja.next.westlaw.com/StaticContent_39.2.1011/webpack/Products/WestlawNext/js/bundle.6f9b10d290ff28491206e739d6e3328d.dll.js, line 1: Error: Could not get the available citation styles
JavaScript error: https://ja.next.westlaw.com/StaticContent_39.2.1011/webpack/Products/WestlawNext/js/bundle.6f9b10d290ff28491206e739d6e3328d.dll.js, line 1: Error: Could not get the available citation styles
JavaScript error: https://ja.next.westlaw.com/StaticContent_39.2.1011/webpack/Products/WestlawNext/js/bundle.6f9b10d290ff28491206e739d6e3328d.dll.js, line 1: Error: Could not get the available citation styles
JavaScript error: https://ja.next.westlaw.com/StaticContent_39.2.1011/webpack/Products/WestlawNext/js/bundle.6f9b10d290ff28491206e739d6e3328d.dll.js, line 1: Error: Could not get the available citation styles
JavaScript error: https://ja.next.westlaw.com/StaticContent_39.2.1011/webpack/Products/WestlawNext/js/bundle.6f9b10d290ff28491206e739d6e3328d.dll.js, line 1: Error: Could not get the available citation styles
JavaScript error: https://ja.next.westlaw.com/StaticContent_39.2.1011/webpack/Products/WestlawNext/js/bundle.6f9b10d290ff28491206e739d6e3328d.dll.js, line 1: Error: Could not get the available citation styles
JavaScript error: https://ja.next.westlaw.com/StaticContent_39.2.1011/webpack/Products/WestlawNext/js/bundle.6f9b10d290ff28491206e739d6e3328d.dll.js, line 1: Error: Could not get the available citation styles
JavaScript error: https://ja.next.westlaw.com/StaticContent_39.2.1011/webpack/Products/WestlawNext/js/bundle.6f9b10d290ff28491206e739d6e3328d.dll.js, line 1: Error: Could not get the available citation styles
JavaScript error: https://ja.next.westlaw.com/StaticContent_39.2.1011/webpack/Products/WestlawNext/js/bundle.6f9b10d290ff28491206e739d6e3328d.dll.js, line 1: Error: Could not get the available citation styles
JavaScript error: https://ja.next.westlaw.com/StaticContent_39.2.1011/webpack/Products/WestlawNext/js/bundle.6f9b10d290ff28491206e739d6e3328d.dll.js, line 1: Error: Could not get the available citation styles
JavaScript error: https://ja.next.westlaw.com/StaticContent_39.2.1011/webpack/Products/WestlawNext/js/bundle.6f9b10d290ff28491206e739d6e3328d.dll.js, line 1: Error: Could not get the available citation styles
JavaScript error: https://ja.next.westlaw.com/StaticContent_39.2.1011/webpack/Products/WestlawNext/js/bundle.6f9b10d290ff28491206e739d6e3328d.dll.js, line 1: Error: Could not get the available citation styles
JavaScript error: https://ja.next.westlaw.com/StaticContent_39.2.1011/webpack/Products/WestlawNext/js/bundle.6f9b10d290ff28491206e739d6e3328d.dll.js, line 1: Error: Could not get the available citation styles
JavaScript error: https://ja.next.westlaw.com/StaticContent_39.2.1011/webpack/Products/WestlawNext/js/bundle.6f9b10d290ff28491206e739d6e3328d.dll.js, line 1: Error: Could not get the available citation styles

###!!! [Child][MessageChannel] Error: (msgtype=0x100027,name=PBackground::Msg_PHttpBackgroundChannelConstructor) Channel error: cannot send/recv

[Child 1553, Chrome_ChildThread] WARNING: pipe error: Broken pipe: file /builds/worker/workspace/build/src/ipc/chromium/src/chrome/common/ipc_channel_posix.cc, line 709
[Child 1553, Chrome_ChildThread] WARNING: pipe error: Broken pipe: file /builds/worker/workspace/build/src/ipc/chromium/src/chrome/common/ipc_channel_posix.cc, line 709
[Child 1553, Chrome_ChildThread] WARNING: pipe error: Broken pipe: file /builds/worker/workspace/build/src/ipc/chromium/src/chrome/common/ipc_channel_posix.cc, line 709
[Child 1553, Chrome_ChildThread] WARNING: pipe error: Broken pipe: file /builds/worker/workspace/build/src/ipc/chromium/src/chrome/common/ipc_channel_posix.cc, line 709
[Child 1553, Chrome_ChildThread] WARNING: pipe error: Broken pipe: file /builds/worker/workspace/build/src/ipc/chromium/src/chrome/common/ipc_channel_posix.cc, line 709
[Child 1553, Chrome_ChildThread] WARNING: pipe error: Broken pipe: file /builds/worker/workspace/build/src/ipc/chromium/src/chrome/common/ipc_channel_posix.cc, line 709
[Child 1553, Chrome_ChildThread] WARNING: pipe error: Broken pipe: file /builds/worker/workspace/build/src/ipc/chromium/src/chrome/common/ipc_channel_posix.cc, line 709
[Child 1553, Chrome_ChildThread] WARNING: pipe error: Broken pipe: file /builds/worker/workspace/build/src/ipc/chromium/src/chrome/common/ipc_channel_posix.cc, line 709
[Child 1553, Chrome_ChildThread] WARNING: pipe error: Broken pipe: file /builds/worker/workspace/build/src/ipc/chromium/src/chrome/common/ipc_channel_posix.cc, line 709
[Child 1553, Chrome_ChildThread] WARNING: pipe error: Broken pipe: file /builds/worker/workspace/build/src/ipc/chromium/src/chrome/common/ipc_channel_posix.cc, line 709
[Child 1553, Chrome_ChildThread] WARNING: pipe error: Broken pipe: file /builds/worker/workspace/build/src/ipc/chromium/src/chrome/common/ipc_channel_posix.cc, line 709
[Child 1553, Chrome_ChildThread] WARNING: pipe error: Broken pipe: file /builds/worker/workspace/build/src/ipc/chromium/src/chrome/common/ipc_channel_posix.cc, line 709
[Child 1553, Chrome_ChildThread] WARNING: pipe error: Broken pipe: file /builds/worker/workspace/build/src/ipc/chromium/src/chrome/common/ipc_channel_posix.cc, line 709
[Child 1553, Chrome_ChildThread] WARNING: pipe error: Broken pipe: file /builds/worker/workspace/build/src/ipc/chromium/src/chrome/common/ipc_channel_posix.cc, line 709
[Child 1553, Chrome_ChildThread] WARNING: pipe error: Broken pipe: file /builds/worker/workspace/build/src/ipc/chromium/src/chrome/common/ipc_channel_posix.cc, line 709
[Child 1553, Chrome_ChildThread] WARNING: pipe error: Broken pipe: file /builds/worker/workspace/build/src/ipc/chromium/src/chrome/common/ipc_channel_posix.cc, line 709
[Child 1553, Chrome_ChildThread] WARNING: pipe error: Broken pipe: file /builds/worker/workspace/build/src/ipc/chromium/src/chrome/common/ipc_channel_posix.cc, line 709
[Child 1553, Chrome_ChildThread] WARNING: pipe error: Broken pipe: file /builds/worker/workspace/build/src/ipc/chromium/src/chrome/common/ipc_channel_posix.cc, line 709
[Child 1553, Chrome_ChildThread] WARNING: pipe error: Broken pipe: file /builds/worker/workspace/build/src/ipc/chromium/src/chrome/common/ipc_channel_posix.cc, line 709
[Child 1553, Chrome_ChildThread] WARNING: pipe error: Broken pipe: file /builds/worker/workspace/build/src/ipc/chromium/src/chrome/common/ipc_channel_posix.cc, line 709
[Child 1553, Chrome_ChildThread] WARNING: pipe error: Broken pipe: file /builds/worker/workspace/build/src/ipc/chromium/src/chrome/common/ipc_channel_posix.cc, line 709
[Child 1553, Chrome_ChildThread] WARNING: pipe error: Broken pipe: file /builds/worker/workspace/build/src/ipc/chromium/src/chrome/common/ipc_channel_posix.cc, line 709
